{"C:\\Users\\pfaff\\Desktop\\Sokoa´banNeuste\\Sokoban\\api.js": {"path":"C:\\Users\\pfaff\\Desktop\\Sokoa´banNeuste\\Sokoban\\api.js","all":false,"statementMap":{"0":{"start":{"line":1,"column":0},"end":{"line":1,"column":37}},"1":{"start":{"line":2,"column":0},"end":{"line":2,"column":9}},"2":{"start":{"line":3,"column":0},"end":{"line":3,"column":72}},"3":{"start":{"line":4,"column":0},"end":{"line":4,"column":60}},"4":{"start":{"line":5,"column":0},"end":{"line":5,"column":43}},"5":{"start":{"line":6,"column":0},"end":{"line":6,"column":28}},"6":{"start":{"line":7,"column":0},"end":{"line":7,"column":19}},"7":{"start":{"line":8,"column":0},"end":{"line":8,"column":40}},"8":{"start":{"line":9,"column":0},"end":{"line":9,"column":5}},"9":{"start":{"line":10,"column":0},"end":{"line":10,"column":1}}},"s":{"0":1,"1":1,"2":1,"3":1,"4":1,"5":1,"6":1,"7":0,"8":0,"9":1},"branchMap":{"0":{"type":"branch","line":1,"loc":{"start":{"line":1,"column":7},"end":{"line":10,"column":1}},"locations":[{"start":{"line":1,"column":7},"end":{"line":10,"column":1}}]},"1":{"type":"branch","line":7,"loc":{"start":{"line":7,"column":6},"end":{"line":9,"column":5}},"locations":[{"start":{"line":7,"column":6},"end":{"line":9,"column":5}}]}},"b":{"0":[1],"1":[0]},"fnMap":{"0":{"name":"getResponse","decl":{"start":{"line":1,"column":7},"end":{"line":10,"column":1}},"loc":{"start":{"line":1,"column":7},"end":{"line":10,"column":1}},"line":1}},"f":{"0":1}}
,"C:\\Users\\pfaff\\Desktop\\Sokoa´banNeuste\\Sokoban\\math.js": {"path":"C:\\Users\\pfaff\\Desktop\\Sokoa´banNeuste\\Sokoban\\math.js","all":false,"statementMap":{"0":{"start":{"line":1,"column":0},"end":{"line":1,"column":30}},"1":{"start":{"line":2,"column":0},"end":{"line":2,"column":8}},"2":{"start":{"line":3,"column":0},"end":{"line":3,"column":32}},"3":{"start":{"line":4,"column":0},"end":{"line":4,"column":29}},"4":{"start":{"line":5,"column":0},"end":{"line":5,"column":7}},"5":{"start":{"line":6,"column":0},"end":{"line":6,"column":51}},"6":{"start":{"line":7,"column":0},"end":{"line":7,"column":5}},"7":{"start":{"line":8,"column":0},"end":{"line":8,"column":18}},"8":{"start":{"line":9,"column":0},"end":{"line":9,"column":44}},"9":{"start":{"line":10,"column":0},"end":{"line":10,"column":5}},"10":{"start":{"line":11,"column":0},"end":{"line":11,"column":29}},"11":{"start":{"line":12,"column":0},"end":{"line":12,"column":40}},"12":{"start":{"line":13,"column":0},"end":{"line":13,"column":5}},"13":{"start":{"line":14,"column":0},"end":{"line":14,"column":17}},"14":{"start":{"line":15,"column":0},"end":{"line":15,"column":1}}},"s":{"0":1,"1":5,"2":5,"3":3,"4":5,"5":3,"6":3,"7":5,"8":1,"9":1,"10":5,"11":0,"12":0,"13":1,"14":1},"branchMap":{"0":{"type":"branch","line":1,"loc":{"start":{"line":1,"column":7},"end":{"line":15,"column":1}},"locations":[{"start":{"line":1,"column":7},"end":{"line":15,"column":1}}]},"1":{"type":"branch","line":3,"loc":{"start":{"line":3,"column":29},"end":{"line":4,"column":29}},"locations":[{"start":{"line":3,"column":29},"end":{"line":4,"column":29}}]},"2":{"type":"branch","line":5,"loc":{"start":{"line":5,"column":6},"end":{"line":7,"column":5}},"locations":[{"start":{"line":5,"column":6},"end":{"line":7,"column":5}}]},"3":{"type":"branch","line":7,"loc":{"start":{"line":7,"column":4},"end":{"line":8,"column":17}},"locations":[{"start":{"line":7,"column":4},"end":{"line":8,"column":17}}]},"4":{"type":"branch","line":8,"loc":{"start":{"line":8,"column":17},"end":{"line":11,"column":26}},"locations":[{"start":{"line":8,"column":17},"end":{"line":11,"column":26}}]},"5":{"type":"branch","line":11,"loc":{"start":{"line":11,"column":28},"end":{"line":13,"column":5}},"locations":[{"start":{"line":11,"column":28},"end":{"line":13,"column":5}}]},"6":{"type":"branch","line":13,"loc":{"start":{"line":13,"column":4},"end":{"line":15,"column":1}},"locations":[{"start":{"line":13,"column":4},"end":{"line":15,"column":1}}]}},"b":{"0":[5],"1":[3],"2":[3],"3":[2],"4":[1],"5":[0],"6":[1]},"fnMap":{"0":{"name":"divide","decl":{"start":{"line":1,"column":7},"end":{"line":15,"column":1}},"loc":{"start":{"line":1,"column":7},"end":{"line":15,"column":1}},"line":1}},"f":{"0":5}}
}
